d:\cpp_opengl\openglarcitecture\openglarcitecture\debug\main.obj
d:\cpp_opengl\openglarcitecture\openglarcitecture\debug\mousecontroller.obj
d:\cpp_opengl\openglarcitecture\openglarcitecture\debug\camera.obj
d:\cpp_opengl\openglarcitecture\openglarcitecture\debug\light.obj
d:\cpp_opengl\openglarcitecture\openglarcitecture\debug\mesh.obj
d:\cpp_opengl\openglarcitecture\openglarcitecture\debug\vertexarray.obj
d:\cpp_opengl\openglarcitecture\openglarcitecture\debug\world.obj
d:\cpp_opengl\openglarcitecture\openglarcitecture\debug\vc100.pdb
d:\cpp_opengl\angrypig\openglarcitecture\debug\gameworld.obj
d:\cpp_opengl\angrypig\openglarcitecture\debug\main.obj
d:\cpp_opengl\angrypig\openglarcitecture\debug\mousecontroller.obj
d:\cpp_opengl\angrypig\openglarcitecture\debug\camera.obj
d:\cpp_opengl\angrypig\openglarcitecture\debug\light.obj
d:\cpp_opengl\angrypig\openglarcitecture\debug\mesh.obj
d:\cpp_opengl\angrypig\openglarcitecture\debug\vertexarray.obj
d:\cpp_opengl\angrypig\openglarcitecture\debug\world.obj
d:\cpp_opengl\angrypig\openglarcitecture\debug\vc100.pdb
d:\cpp_opengl\angrypig\openglarcitecture\debug\solidobject.obj
d:\cpp_opengl\angrypig\openglarcitecture\debug\worldobject.obj
d:\cpp_opengl\angrypig\openglarcitecture\debug\axis.obj
d:\cpp_opengl\angrypig\openglarcitecture\debug\gunbarrel.obj
d:\cpp_opengl\angrypig2\openglarcitecture\debug\axis.obj
d:\cpp_opengl\angrypig2\openglarcitecture\debug\gameworld.obj
d:\cpp_opengl\angrypig2\openglarcitecture\debug\gunbarrel.obj
d:\cpp_opengl\angrypig2\openglarcitecture\debug\main.obj
d:\cpp_opengl\angrypig2\openglarcitecture\debug\mousecontroller.obj
d:\cpp_opengl\angrypig2\openglarcitecture\debug\camera.obj
d:\cpp_opengl\angrypig2\openglarcitecture\debug\light.obj
d:\cpp_opengl\angrypig2\openglarcitecture\debug\mesh.obj
d:\cpp_opengl\angrypig2\openglarcitecture\debug\solidobject.obj
d:\cpp_opengl\angrypig2\openglarcitecture\debug\vertexarray.obj
d:\cpp_opengl\angrypig2\openglarcitecture\debug\world.obj
d:\cpp_opengl\angrypig2\openglarcitecture\debug\worldobject.obj
d:\cpp_opengl\angrypig2\openglarcitecture\debug\vc100.pdb
d:\cpp_opengl\angrypig2\openglarcitecture\debug\gunbarreldata.obj
d:\cpp_opengl\angrypig2\openglarcitecture\debug\mountaindata.obj
d:\cpp_opengl\angrypig2\openglarcitecture\debug\mountain.obj
d:\cpp_opengl\angrypig2\openglarcitecture\debug\rect.obj
d:\cpp_opengl\angrypig2\openglarcitecture\debug\ground.obj
d:\cpp_opengl\angrypig3\openglarcitecture\debug\axis.obj
d:\cpp_opengl\angrypig3\openglarcitecture\debug\gameworld.obj
d:\cpp_opengl\angrypig3\openglarcitecture\debug\ground.obj
d:\cpp_opengl\angrypig3\openglarcitecture\debug\gunbarrel.obj
d:\cpp_opengl\angrypig3\openglarcitecture\debug\main.obj
d:\cpp_opengl\angrypig3\openglarcitecture\debug\gunbarreldata.obj
d:\cpp_opengl\angrypig3\openglarcitecture\debug\mountaindata.obj
d:\cpp_opengl\angrypig3\openglarcitecture\debug\mountain.obj
d:\cpp_opengl\angrypig3\openglarcitecture\debug\mousecontroller.obj
d:\cpp_opengl\angrypig3\openglarcitecture\debug\camera.obj
d:\cpp_opengl\angrypig3\openglarcitecture\debug\light.obj
d:\cpp_opengl\angrypig3\openglarcitecture\debug\mesh.obj
d:\cpp_opengl\angrypig3\openglarcitecture\debug\solidobject.obj
d:\cpp_opengl\angrypig3\openglarcitecture\debug\vertexarray.obj
d:\cpp_opengl\angrypig3\openglarcitecture\debug\world.obj
d:\cpp_opengl\angrypig3\openglarcitecture\debug\worldobject.obj
d:\cpp_opengl\angrypig3\openglarcitecture\debug\vc100.pdb
d:\cpp_opengl\angrypig3\openglarcitecture\debug\castle.obj
d:\cpp_opengl\angrypig3\openglarcitecture\debug\castledata.obj
d:\cpp_opengl\angrypig3\openglarcitecture\debug\bird.obj
d:\cpp_opengl\angrypig3\openglarcitecture\debug\birddata.obj
d:\cpp_opengl\angrypig3\openglarcitecture\debug\pigdata.obj
d:\cpp_opengl\angrypig3\openglarcitecture\debug\pig.obj
d:\cpp_opengl\angrypig3\openglarcitecture\debug\bow.obj
d:\cpp_opengl\angrypig3\openglarcitecture\debug\bowdata.obj
d:\cpp_opengl\angrypig3\openglarcitecture\debug\dynamicobject.obj
d:\cpp_opengl\angrypig3\openglarcitecture\debug\gunbase.obj
d:\cpp_opengl\angrypig3\openglarcitecture\debug\gunbasedata.obj
d:\cpp_opengl\angrypig3\openglarcitecture\debug\bullet.obj
d:\cpp_opengl\angrypig3\openglarcitecture\debug\bulletdata.obj
d:\cpp_opengl\angrypig3\openglarcitecture\debug\random.obj
e:\opengl记录\angrypig3\openglarcitecture\debug\bulletdata.obj
e:\opengl记录\angrypig3\openglarcitecture\debug\mousecontroller.obj
e:\opengl记录\angrypig3\openglarcitecture\debug\random.obj
e:\opengl记录\angrypig3\openglarcitecture\debug\worldobject.obj
e:\opengl记录\angrypig3\openglarcitecture\debug\vc100.pdb
e:\opengl记录\angrypig3\openglarcitecture\debug\ground.obj
e:\opengl记录\angrypig3\openglarcitecture\debug\gunbarrel.obj
e:\opengl记录\angrypig3\openglarcitecture\debug\gunbase.obj
e:\opengl记录\angrypig3\openglarcitecture\debug\mountain.obj
e:\opengl记录\angrypig3\openglarcitecture\debug\pig.obj
e:\opengl记录\angrypig3\openglarcitecture\debug\main.obj
e:\opengl记录\angrypig3\openglarcitecture\debug\birddata.obj
e:\opengl记录\angrypig3\openglarcitecture\debug\bowdata.obj
e:\opengl记录\angrypig3\openglarcitecture\debug\castledata.obj
e:\opengl记录\angrypig3\openglarcitecture\debug\gunbarreldata.obj
e:\opengl记录\angrypig3\openglarcitecture\debug\gunbasedata.obj
e:\opengl记录\angrypig3\openglarcitecture\debug\mountaindata.obj
e:\opengl记录\angrypig3\openglarcitecture\debug\pigdata.obj
e:\opengl记录\angrypig3\openglarcitecture\debug\camera.obj
e:\opengl记录\angrypig3\openglarcitecture\debug\dynamicobject.obj
e:\opengl记录\angrypig3\openglarcitecture\debug\light.obj
e:\opengl记录\angrypig3\openglarcitecture\debug\mesh.obj
e:\opengl记录\angrypig3\openglarcitecture\debug\solidobject.obj
e:\opengl记录\angrypig3\openglarcitecture\debug\vertexarray.obj
e:\opengl记录\angrypig3\openglarcitecture\debug\world.obj
e:\opengl记录\angrypig3\openglarcitecture\debug\axis.obj
e:\opengl记录\angrypig3\openglarcitecture\debug\bird.obj
e:\opengl记录\angrypig3\openglarcitecture\debug\bow.obj
e:\opengl记录\angrypig3\openglarcitecture\debug\bullet.obj
e:\opengl记录\angrypig3\openglarcitecture\debug\castle.obj
e:\opengl记录\angrypig3\openglarcitecture\debug\gameworld.obj
d:\cpp_opengl\openglarcitecture\debug\openglarcitecture.ilk
d:\cpp_opengl\openglarcitecture\debug\openglarcitecture.exe
d:\cpp_opengl\openglarcitecture\openglarcitecture\debug\openglarcitecture.exe.intermediate.manifest
d:\cpp_opengl\openglarcitecture\debug\openglarcitecture.pdb
d:\cpp_opengl\angrypig\debug\openglarcitecture.ilk
d:\cpp_opengl\angrypig\debug\openglarcitecture.exe
d:\cpp_opengl\angrypig\openglarcitecture\debug\openglarcitecture.exe.intermediate.manifest
d:\cpp_opengl\angrypig\debug\openglarcitecture.pdb
d:\cpp_opengl\angrypig2\debug\openglarcitecture.ilk
d:\cpp_opengl\angrypig2\debug\openglarcitecture.exe
d:\cpp_opengl\angrypig2\openglarcitecture\debug\openglarcitecture.exe.intermediate.manifest
d:\cpp_opengl\angrypig2\debug\openglarcitecture.pdb
d:\cpp_opengl\angrypig3\debug\openglarcitecture.ilk
d:\cpp_opengl\angrypig3\debug\openglarcitecture.exe
d:\cpp_opengl\angrypig3\openglarcitecture\debug\openglarcitecture.exe.intermediate.manifest
d:\cpp_opengl\angrypig3\debug\openglarcitecture.pdb
e:\opengl记录\angrypig3\debug\openglarcitecture.ilk
e:\opengl记录\angrypig3\debug\openglarcitecture.exe
e:\opengl记录\angrypig3\openglarcitecture\debug\openglarcitecture.exe.intermediate.manifest
e:\opengl记录\angrypig3\debug\openglarcitecture.pdb
e:\hobbies\opengl记录\angrypig3\openglarcitecture\debug\vc120.pdb
e:\hobbies\opengl记录\angrypig3\openglarcitecture\debug\vc120.idb
e:\hobbies\opengl记录\angrypig3\openglarcitecture\debug\birddata.obj
e:\hobbies\opengl记录\angrypig3\openglarcitecture\debug\bowdata.obj
e:\hobbies\opengl记录\angrypig3\openglarcitecture\debug\bulletdata.obj
e:\hobbies\opengl记录\angrypig3\openglarcitecture\debug\castledata.obj
e:\hobbies\opengl记录\angrypig3\openglarcitecture\debug\gunbarreldata.obj
e:\hobbies\opengl记录\angrypig3\openglarcitecture\debug\gunbasedata.obj
e:\hobbies\opengl记录\angrypig3\openglarcitecture\debug\mountaindata.obj
e:\hobbies\opengl记录\angrypig3\openglarcitecture\debug\pigdata.obj
e:\hobbies\opengl记录\angrypig3\openglarcitecture\debug\mountain.obj
e:\hobbies\opengl记录\angrypig3\openglarcitecture\debug\mousecontroller.obj
e:\hobbies\opengl记录\angrypig3\openglarcitecture\debug\pig.obj
e:\hobbies\opengl记录\angrypig3\openglarcitecture\debug\random.obj
e:\hobbies\opengl记录\angrypig3\openglarcitecture\debug\camera.obj
e:\hobbies\opengl记录\angrypig3\openglarcitecture\debug\dynamicobject.obj
e:\hobbies\opengl记录\angrypig3\openglarcitecture\debug\light.obj
e:\hobbies\opengl记录\angrypig3\openglarcitecture\debug\mesh.obj
e:\hobbies\opengl记录\angrypig3\openglarcitecture\debug\solidobject.obj
e:\hobbies\opengl记录\angrypig3\openglarcitecture\debug\vertexarray.obj
e:\hobbies\opengl记录\angrypig3\openglarcitecture\debug\world.obj
e:\hobbies\opengl记录\angrypig3\openglarcitecture\debug\worldobject.obj
e:\hobbies\opengl记录\angrypig3\openglarcitecture\debug\axis.obj
e:\hobbies\opengl记录\angrypig3\openglarcitecture\debug\bird.obj
e:\hobbies\opengl记录\angrypig3\openglarcitecture\debug\bow.obj
e:\hobbies\opengl记录\angrypig3\openglarcitecture\debug\bullet.obj
e:\hobbies\opengl记录\angrypig3\openglarcitecture\debug\castle.obj
e:\hobbies\opengl记录\angrypig3\openglarcitecture\debug\gameworld.obj
e:\hobbies\opengl记录\angrypig3\openglarcitecture\debug\ground.obj
e:\hobbies\opengl记录\angrypig3\openglarcitecture\debug\gunbarrel.obj
e:\hobbies\opengl记录\angrypig3\openglarcitecture\debug\gunbase.obj
e:\hobbies\opengl记录\angrypig3\openglarcitecture\debug\main.obj
c:\users\jihongwei\documents\visual studio 2013\projects\openglbai\angrypig3\openglarcitecture\debug\vc120.pdb
c:\users\jihongwei\documents\visual studio 2013\projects\openglbai\angrypig3\openglarcitecture\debug\vc120.idb
c:\users\jihongwei\documents\visual studio 2013\projects\openglbai\angrypig3\openglarcitecture\debug\birddata.obj
c:\users\jihongwei\documents\visual studio 2013\projects\openglbai\angrypig3\openglarcitecture\debug\bowdata.obj
c:\users\jihongwei\documents\visual studio 2013\projects\openglbai\angrypig3\openglarcitecture\debug\bulletdata.obj
c:\users\jihongwei\documents\visual studio 2013\projects\openglbai\angrypig3\openglarcitecture\debug\castledata.obj
c:\users\jihongwei\documents\visual studio 2013\projects\openglbai\angrypig3\openglarcitecture\debug\gunbarreldata.obj
c:\users\jihongwei\documents\visual studio 2013\projects\openglbai\angrypig3\openglarcitecture\debug\gunbasedata.obj
c:\users\jihongwei\documents\visual studio 2013\projects\openglbai\angrypig3\openglarcitecture\debug\mountaindata.obj
c:\users\jihongwei\documents\visual studio 2013\projects\openglbai\angrypig3\openglarcitecture\debug\pigdata.obj
c:\users\jihongwei\documents\visual studio 2013\projects\openglbai\angrypig3\openglarcitecture\debug\mountain.obj
c:\users\jihongwei\documents\visual studio 2013\projects\openglbai\angrypig3\openglarcitecture\debug\mousecontroller.obj
c:\users\jihongwei\documents\visual studio 2013\projects\openglbai\angrypig3\openglarcitecture\debug\pig.obj
c:\users\jihongwei\documents\visual studio 2013\projects\openglbai\angrypig3\openglarcitecture\debug\random.obj
c:\users\jihongwei\documents\visual studio 2013\projects\openglbai\angrypig3\openglarcitecture\debug\camera.obj
c:\users\jihongwei\documents\visual studio 2013\projects\openglbai\angrypig3\openglarcitecture\debug\dynamicobject.obj
c:\users\jihongwei\documents\visual studio 2013\projects\openglbai\angrypig3\openglarcitecture\debug\light.obj
c:\users\jihongwei\documents\visual studio 2013\projects\openglbai\angrypig3\openglarcitecture\debug\mesh.obj
c:\users\jihongwei\documents\visual studio 2013\projects\openglbai\angrypig3\openglarcitecture\debug\solidobject.obj
c:\users\jihongwei\documents\visual studio 2013\projects\openglbai\angrypig3\openglarcitecture\debug\vertexarray.obj
c:\users\jihongwei\documents\visual studio 2013\projects\openglbai\angrypig3\openglarcitecture\debug\world.obj
c:\users\jihongwei\documents\visual studio 2013\projects\openglbai\angrypig3\openglarcitecture\debug\worldobject.obj
c:\users\jihongwei\documents\visual studio 2013\projects\openglbai\angrypig3\openglarcitecture\debug\axis.obj
c:\users\jihongwei\documents\visual studio 2013\projects\openglbai\angrypig3\openglarcitecture\debug\bird.obj
c:\users\jihongwei\documents\visual studio 2013\projects\openglbai\angrypig3\openglarcitecture\debug\bow.obj
c:\users\jihongwei\documents\visual studio 2013\projects\openglbai\angrypig3\openglarcitecture\debug\bullet.obj
c:\users\jihongwei\documents\visual studio 2013\projects\openglbai\angrypig3\openglarcitecture\debug\castle.obj
c:\users\jihongwei\documents\visual studio 2013\projects\openglbai\angrypig3\openglarcitecture\debug\gameworld.obj
c:\users\jihongwei\documents\visual studio 2013\projects\openglbai\angrypig3\openglarcitecture\debug\ground.obj
c:\users\jihongwei\documents\visual studio 2013\projects\openglbai\angrypig3\openglarcitecture\debug\gunbarrel.obj
c:\users\jihongwei\documents\visual studio 2013\projects\openglbai\angrypig3\openglarcitecture\debug\gunbase.obj
c:\users\jihongwei\documents\visual studio 2013\projects\openglbai\angrypig3\openglarcitecture\debug\main.obj
e:\hobbies\opengl记录\angrypig3\debug\openglarcitecture.ilk
e:\hobbies\opengl记录\angrypig3\debug\openglarcitecture.exe
e:\hobbies\opengl记录\angrypig3\debug\openglarcitecture.pdb
c:\users\jihongwei\documents\visual studio 2013\projects\openglbai\angrypig3\debug\openglarcitecture.ilk
c:\users\jihongwei\documents\visual studio 2013\projects\openglbai\angrypig3\debug\openglarcitecture.exe
c:\users\jihongwei\documents\visual studio 2013\projects\openglbai\angrypig3\debug\openglarcitecture.pdb
c:\users\jihongwei\documents\visual studio 2013\projects\opengl\angrypig3\openglarcitecture\debug\openglarcitecture.vcxprojresolveassemblyreference.cache
c:\users\jihongwei\documents\visual studio 2013\projects\opengl\angrypig3\openglarcitecture\debug\axis.obj
c:\users\jihongwei\documents\visual studio 2013\projects\opengl\angrypig3\openglarcitecture\debug\bird.obj
c:\users\jihongwei\documents\visual studio 2013\projects\opengl\angrypig3\openglarcitecture\debug\birddata.obj
c:\users\jihongwei\documents\visual studio 2013\projects\opengl\angrypig3\openglarcitecture\debug\bow.obj
c:\users\jihongwei\documents\visual studio 2013\projects\opengl\angrypig3\openglarcitecture\debug\bowdata.obj
c:\users\jihongwei\documents\visual studio 2013\projects\opengl\angrypig3\openglarcitecture\debug\bullet.obj
c:\users\jihongwei\documents\visual studio 2013\projects\opengl\angrypig3\openglarcitecture\debug\bulletdata.obj
c:\users\jihongwei\documents\visual studio 2013\projects\opengl\angrypig3\openglarcitecture\debug\camera.obj
c:\users\jihongwei\documents\visual studio 2013\projects\opengl\angrypig3\openglarcitecture\debug\castle.obj
c:\users\jihongwei\documents\visual studio 2013\projects\opengl\angrypig3\openglarcitecture\debug\castledata.obj
c:\users\jihongwei\documents\visual studio 2013\projects\opengl\angrypig3\openglarcitecture\debug\dynamicobject.obj
c:\users\jihongwei\documents\visual studio 2013\projects\opengl\angrypig3\openglarcitecture\debug\gameworld.obj
c:\users\jihongwei\documents\visual studio 2013\projects\opengl\angrypig3\openglarcitecture\debug\ground.obj
c:\users\jihongwei\documents\visual studio 2013\projects\opengl\angrypig3\openglarcitecture\debug\gunbarrel.obj
c:\users\jihongwei\documents\visual studio 2013\projects\opengl\angrypig3\openglarcitecture\debug\gunbarreldata.obj
c:\users\jihongwei\documents\visual studio 2013\projects\opengl\angrypig3\openglarcitecture\debug\gunbase.obj
c:\users\jihongwei\documents\visual studio 2013\projects\opengl\angrypig3\openglarcitecture\debug\gunbasedata.obj
c:\users\jihongwei\documents\visual studio 2013\projects\opengl\angrypig3\openglarcitecture\debug\light.obj
c:\users\jihongwei\documents\visual studio 2013\projects\opengl\angrypig3\openglarcitecture\debug\main.obj
c:\users\jihongwei\documents\visual studio 2013\projects\opengl\angrypig3\openglarcitecture\debug\mesh.obj
c:\users\jihongwei\documents\visual studio 2013\projects\opengl\angrypig3\openglarcitecture\debug\mountain.obj
c:\users\jihongwei\documents\visual studio 2013\projects\opengl\angrypig3\openglarcitecture\debug\mountaindata.obj
c:\users\jihongwei\documents\visual studio 2013\projects\opengl\angrypig3\openglarcitecture\debug\mousecontroller.obj
c:\users\jihongwei\documents\visual studio 2013\projects\opengl\angrypig3\openglarcitecture\debug\pig.obj
c:\users\jihongwei\documents\visual studio 2013\projects\opengl\angrypig3\openglarcitecture\debug\pigdata.obj
c:\users\jihongwei\documents\visual studio 2013\projects\opengl\angrypig3\openglarcitecture\debug\random.obj
c:\users\jihongwei\documents\visual studio 2013\projects\opengl\angrypig3\openglarcitecture\debug\rect.obj
c:\users\jihongwei\documents\visual studio 2013\projects\opengl\angrypig3\openglarcitecture\debug\solidobject.obj
c:\users\jihongwei\documents\visual studio 2013\projects\opengl\angrypig3\openglarcitecture\debug\vertexarray.obj
c:\users\jihongwei\documents\visual studio 2013\projects\opengl\angrypig3\openglarcitecture\debug\world.obj
c:\users\jihongwei\documents\visual studio 2013\projects\opengl\angrypig3\openglarcitecture\debug\worldobject.obj
c:\users\jihongwei\documents\visual studio 2013\projects\opengl\angrypig3\openglarcitecture\debug\cl.command.1.tlog
c:\users\jihongwei\documents\visual studio 2013\projects\opengl\angrypig3\openglarcitecture\debug\cl.read.1.tlog
c:\users\jihongwei\documents\visual studio 2013\projects\opengl\angrypig3\openglarcitecture\debug\cl.write.1.tlog
c:\users\jihongwei\documents\visual studio 2013\projects\opengl\angrypig3\openglarcitecture\debug\link.command.1.tlog
c:\users\jihongwei\documents\visual studio 2013\projects\opengl\angrypig3\openglarcitecture\debug\link.read.1.tlog
c:\users\jihongwei\documents\visual studio 2013\projects\opengl\angrypig3\openglarcitecture\debug\link.write.1.tlog
c:\users\jihongwei\documents\visual studio 2013\projects\opengl\angrypig3\openglarcitecture\debug\mt.command.1.tlog
c:\users\jihongwei\documents\visual studio 2013\projects\opengl\angrypig3\openglarcitecture\debug\mt.read.1.tlog
c:\users\jihongwei\documents\visual studio 2013\projects\opengl\angrypig3\openglarcitecture\debug\mt.write.1.tlog
c:\users\jihongwei\documents\visual studio 2013\projects\opengl\angrypig3\openglarcitecture\debug\openglarcitecture.write.1.tlog
c:\users\jihongwei\documents\visual studio 2013\projects\opengl\angrypig3\openglarcitecture\debug\openglarcitecture.exe.intermediate.manifest
c:\users\jihongwei\documents\visual studio 2013\projects\opengl\angrypig3\openglarcitecture\debug\vc100.idb
c:\users\jihongwei\documents\visual studio 2013\projects\opengl\angrypig3\openglarcitecture\debug\vc120.idb
c:\users\jihongwei\documents\visual studio 2013\projects\opengl\angrypig3\openglarcitecture\debug\vc100.pdb
c:\users\jihongwei\documents\visual studio 2013\projects\opengl\angrypig3\openglarcitecture\debug\vc120.pdb
c:\users\jihongwei\documents\visual studio 2013\projects\opengl\angrypig3\debug\openglarcitecture.pdb
c:\users\jihongwei\documents\visual studio 2013\projects\opengl\angrypig3\debug\openglarcitecture.exe
c:\users\jihongwei\documents\visual studio 2013\projects\opengl\angrypig3\debug\openglarcitecture.ilk
c:\users\jihongwei\documents\visual studio 2013\projects\opengl\angrypig3\openglarcitecture\debug\openglar.7286cd0b.tlog\cl.command.1.tlog
c:\users\jihongwei\documents\visual studio 2013\projects\opengl\angrypig3\openglarcitecture\debug\openglar.7286cd0b.tlog\cl.read.1.tlog
c:\users\jihongwei\documents\visual studio 2013\projects\opengl\angrypig3\openglarcitecture\debug\openglar.7286cd0b.tlog\cl.write.1.tlog
c:\users\jihongwei\documents\visual studio 2013\projects\opengl\angrypig3\openglarcitecture\debug\openglar.7286cd0b.tlog\link.command.1.tlog
c:\users\jihongwei\documents\visual studio 2013\projects\opengl\angrypig3\openglarcitecture\debug\openglar.7286cd0b.tlog\link.read.1.tlog
c:\users\jihongwei\documents\visual studio 2013\projects\opengl\angrypig3\openglarcitecture\debug\openglar.7286cd0b.tlog\link.write.1.tlog
