c:\users\jihongwei\documents\visual studio 2013\projects\glproject_halo\glproject_halo\debug\vc120.pdb
c:\users\jihongwei\documents\visual studio 2013\projects\glproject_halo\glproject_halo\debug\vc120.idb
c:\users\jihongwei\documents\visual studio 2013\projects\glproject_halo\glproject_halo\debug\frametest.obj
c:\users\jihongwei\documents\visual studio 2013\projects\glproject_halo\glproject_halo\debug\main.obj
c:\users\jihongwei\documents\visual studio 2013\projects\glproject_halo\glproject_halo\debug\object.obj
c:\users\jihongwei\documents\visual studio 2013\projects\glproject_halo\glproject_halo\debug\meshmodel.obj
c:\users\jihongwei\documents\visual studio 2013\projects\glproject_halo\debug\glproject_halo.ilk
c:\users\jihongwei\documents\visual studio 2013\projects\glproject_halo\debug\glproject_halo.exe
c:\users\jihongwei\documents\visual studio 2013\projects\glproject_halo\debug\glproject_halo.pdb
c:\users\jihongwei\documents\visual studio 2013\projects\opengl\glproject_halo\glproject_halo\debug\axis.obj
c:\users\jihongwei\documents\visual studio 2013\projects\opengl\glproject_halo\glproject_halo\debug\camera.obj
c:\users\jihongwei\documents\visual studio 2013\projects\opengl\glproject_halo\glproject_halo\debug\frametest.obj
c:\users\jihongwei\documents\visual studio 2013\projects\opengl\glproject_halo\glproject_halo\debug\glframework.obj
c:\users\jihongwei\documents\visual studio 2013\projects\opengl\glproject_halo\glproject_halo\debug\glinit.obj
c:\users\jihongwei\documents\visual studio 2013\projects\opengl\glproject_halo\glproject_halo\debug\glpointf.obj
c:\users\jihongwei\documents\visual studio 2013\projects\opengl\glproject_halo\glproject_halo\debug\glvector3df.obj
c:\users\jihongwei\documents\visual studio 2013\projects\opengl\glproject_halo\glproject_halo\debug\glwindow.obj
c:\users\jihongwei\documents\visual studio 2013\projects\opengl\glproject_halo\glproject_halo\debug\keys.obj
c:\users\jihongwei\documents\visual studio 2013\projects\opengl\glproject_halo\glproject_halo\debug\light.obj
c:\users\jihongwei\documents\visual studio 2013\projects\opengl\glproject_halo\glproject_halo\debug\main.obj
c:\users\jihongwei\documents\visual studio 2013\projects\opengl\glproject_halo\glproject_halo\debug\meshmodel.obj
c:\users\jihongwei\documents\visual studio 2013\projects\opengl\glproject_halo\glproject_halo\debug\mousehits.obj
c:\users\jihongwei\documents\visual studio 2013\projects\opengl\glproject_halo\glproject_halo\debug\mouselimit.obj
c:\users\jihongwei\documents\visual studio 2013\projects\opengl\glproject_halo\glproject_halo\debug\object.obj
c:\users\jihongwei\documents\visual studio 2013\projects\opengl\glproject_halo\glproject_halo\debug\texture.obj
c:\users\jihongwei\documents\visual studio 2013\projects\opengl\glproject_halo\glproject_halo\debug\vertexarray.obj
c:\users\jihongwei\documents\visual studio 2013\projects\opengl\glproject_halo\glproject_halo\debug\vc120.idb
c:\users\jihongwei\documents\visual studio 2013\projects\opengl\glproject_halo\glproject_halo\debug\vc120.pdb
c:\users\jihongwei\documents\visual studio 2013\projects\opengl\glproject_halo\debug\glproject_halo.pdb
c:\users\jihongwei\documents\visual studio 2013\projects\opengl\glproject_halo\debug\glproject_halo.exe
c:\users\jihongwei\documents\visual studio 2013\projects\opengl\glproject_halo\debug\glproject_halo.ilk
c:\users\jihongwei\documents\visual studio 2013\projects\opengl\glproject_halo\glproject_halo\debug\glproject_halo.tlog\cl.command.1.tlog
c:\users\jihongwei\documents\visual studio 2013\projects\opengl\glproject_halo\glproject_halo\debug\glproject_halo.tlog\cl.read.1.tlog
c:\users\jihongwei\documents\visual studio 2013\projects\opengl\glproject_halo\glproject_halo\debug\glproject_halo.tlog\cl.write.1.tlog
c:\users\jihongwei\documents\visual studio 2013\projects\opengl\glproject_halo\glproject_halo\debug\glproject_halo.tlog\link.command.1.tlog
c:\users\jihongwei\documents\visual studio 2013\projects\opengl\glproject_halo\glproject_halo\debug\glproject_halo.tlog\link.read.1.tlog
c:\users\jihongwei\documents\visual studio 2013\projects\opengl\glproject_halo\glproject_halo\debug\glproject_halo.tlog\link.write.1.tlog
