生成启动时间为 2015/3/21 11:03:40。
     1>项目“c:\Users\jihongwei\documents\visual studio 2013\Projects\GLProject_Keyboard_SpecialKey\GLProject_Keyboard_SpecialKey\GLProject_Keyboard_SpecialKey.vcxproj”在节点 2 上(Build 个目标)。
     1>ClCompile:
         C:\Program Files (x86)\Microsoft Visual Studio 12.0\VC\bin\CL.exe /c /ZI /nologo /W3 /WX- /sdl /Od /Oy- /D _MBCS /Gm /EHsc /RTC1 /MDd /GS /fp:precise /Zc:wchar_t /Zc:forScope /Fo"Debug\\" /Fd"Debug\vc120.pdb" /Gd /TP /analyze- /errorReport:prompt Camera.cpp FrameTest.cpp GLFramework.cpp GlobalInit.cpp GLWindow.cpp Keys.cpp main.cpp MouseLimit.cpp
         MouseLimit.cpp
     1>c:\users\jihongwei\documents\visual studio 2013\projects\glproject_keyboard_specialkey\glproject_keyboard_specialkey\mouselimit.cpp(72): warning C4244: “参数”: 从“int”转换到“float”，可能丢失数据
     1>c:\users\jihongwei\documents\visual studio 2013\projects\glproject_keyboard_specialkey\glproject_keyboard_specialkey\mouselimit.cpp(76): warning C4244: “参数”: 从“int”转换到“float”，可能丢失数据
         main.cpp
         Keys.cpp
         GLWindow.cpp
         GlobalInit.cpp
         GLFramework.cpp
         FrameTest.cpp
         Camera.cpp
         正在生成代码...
       Link:
         C:\Program Files (x86)\Microsoft Visual Studio 12.0\VC\bin\link.exe /ERRORREPORT:PROMPT /OUT:"c:\users\jihongwei\documents\visual studio 2013\Projects\GLProject_Keyboard_SpecialKey\Debug\GLProject_Keyboard_SpecialKey.exe" /INCREMENTAL /NOLOGO kernel32.lib user32.lib gdi32.lib winspool.lib comdlg32.lib advapi32.lib shell32.lib ole32.lib oleaut32.lib uuid.lib odbc32.lib odbccp32.lib /MANIFEST /MANIFESTUAC:"level='asInvoker' uiAccess='false'" /manifest:embed /DEBUG /PDB:"c:\users\jihongwei\documents\visual studio 2013\Projects\GLProject_Keyboard_SpecialKey\Debug\GLProject_Keyboard_SpecialKey.pdb" /TLBID:1 /DYNAMICBASE /NXCOMPAT /IMPLIB:"c:\users\jihongwei\documents\visual studio 2013\Projects\GLProject_Keyboard_SpecialKey\Debug\GLProject_Keyboard_SpecialKey.lib" /MACHINE:X86 Debug\Camera.obj
         Debug\FrameTest.obj
         Debug\GLFramework.obj
         Debug\GlobalInit.obj
         Debug\GLWindow.obj
         Debug\Keys.obj
         Debug\main.obj
         Debug\MouseLimit.obj
         GLProject_Keyboard_SpecialKey.vcxproj -> c:\users\jihongwei\documents\visual studio 2013\Projects\GLProject_Keyboard_SpecialKey\Debug\GLProject_Keyboard_SpecialKey.exe
     1>已完成生成项目“c:\Users\jihongwei\documents\visual studio 2013\Projects\GLProject_Keyboard_SpecialKey\GLProject_Keyboard_SpecialKey\GLProject_Keyboard_SpecialKey.vcxproj”(Build 个目标)的操作。

生成成功。

已用时间 00:00:04.80
