c:\users\jihongwei\documents\visual studio 2013\projects\glproject_shadow\glproject_shadow\debug\vc120.pdb
c:\users\jihongwei\documents\visual studio 2013\projects\glproject_shadow\glproject_shadow\debug\vc120.idb
c:\users\jihongwei\documents\visual studio 2013\projects\glproject_shadow\glproject_shadow\debug\camera.obj
c:\users\jihongwei\documents\visual studio 2013\projects\glproject_shadow\glproject_shadow\debug\frametest.obj
c:\users\jihongwei\documents\visual studio 2013\projects\glproject_shadow\glproject_shadow\debug\glframework.obj
c:\users\jihongwei\documents\visual studio 2013\projects\glproject_shadow\glproject_shadow\debug\glinit.obj
c:\users\jihongwei\documents\visual studio 2013\projects\glproject_shadow\glproject_shadow\debug\glpointf.obj
c:\users\jihongwei\documents\visual studio 2013\projects\glproject_shadow\glproject_shadow\debug\glvector3df.obj
c:\users\jihongwei\documents\visual studio 2013\projects\glproject_shadow\glproject_shadow\debug\glwindow.obj
c:\users\jihongwei\documents\visual studio 2013\projects\glproject_shadow\glproject_shadow\debug\keys.obj
c:\users\jihongwei\documents\visual studio 2013\projects\glproject_shadow\glproject_shadow\debug\light.obj
c:\users\jihongwei\documents\visual studio 2013\projects\glproject_shadow\glproject_shadow\debug\main.obj
c:\users\jihongwei\documents\visual studio 2013\projects\glproject_shadow\glproject_shadow\debug\meshmodel.obj
c:\users\jihongwei\documents\visual studio 2013\projects\glproject_shadow\glproject_shadow\debug\mouselimit.obj
c:\users\jihongwei\documents\visual studio 2013\projects\glproject_shadow\glproject_shadow\debug\object.obj
c:\users\jihongwei\documents\visual studio 2013\projects\glproject_shadow\glproject_shadow\debug\skybox.obj
c:\users\jihongwei\documents\visual studio 2013\projects\glproject_shadow\glproject_shadow\debug\testplane.obj
c:\users\jihongwei\documents\visual studio 2013\projects\glproject_shadow\glproject_shadow\debug\texture.obj
c:\users\jihongwei\documents\visual studio 2013\projects\glproject_shadow\glproject_shadow\debug\triangleface.obj
c:\users\jihongwei\documents\visual studio 2013\projects\glproject_shadow\glproject_shadow\debug\vertexarray.obj
c:\users\jihongwei\documents\visual studio 2013\projects\glproject_shadow\glproject_shadow\debug\skyboxdata.obj
c:\users\jihongwei\documents\visual studio 2013\projects\glproject_shadow\glproject_shadow\debug\testplanedata.obj
c:\users\jihongwei\documents\visual studio 2013\projects\glproject_shadow\debug\glproject_shadow.ilk
c:\users\jihongwei\documents\visual studio 2013\projects\glproject_shadow\debug\glproject_shadow.exe
c:\users\jihongwei\documents\visual studio 2013\projects\glproject_shadow\debug\glproject_shadow.pdb
c:\users\jihongwei\documents\visual studio 2013\projects\opengl\glproject_shadow\glproject_shadow\debug\camera.obj
c:\users\jihongwei\documents\visual studio 2013\projects\opengl\glproject_shadow\glproject_shadow\debug\frametest.obj
c:\users\jihongwei\documents\visual studio 2013\projects\opengl\glproject_shadow\glproject_shadow\debug\glframework.obj
c:\users\jihongwei\documents\visual studio 2013\projects\opengl\glproject_shadow\glproject_shadow\debug\glinit.obj
c:\users\jihongwei\documents\visual studio 2013\projects\opengl\glproject_shadow\glproject_shadow\debug\glpointf.obj
c:\users\jihongwei\documents\visual studio 2013\projects\opengl\glproject_shadow\glproject_shadow\debug\glvector3df.obj
c:\users\jihongwei\documents\visual studio 2013\projects\opengl\glproject_shadow\glproject_shadow\debug\glwindow.obj
c:\users\jihongwei\documents\visual studio 2013\projects\opengl\glproject_shadow\glproject_shadow\debug\keys.obj
c:\users\jihongwei\documents\visual studio 2013\projects\opengl\glproject_shadow\glproject_shadow\debug\light.obj
c:\users\jihongwei\documents\visual studio 2013\projects\opengl\glproject_shadow\glproject_shadow\debug\main.obj
c:\users\jihongwei\documents\visual studio 2013\projects\opengl\glproject_shadow\glproject_shadow\debug\meshmodel.obj
c:\users\jihongwei\documents\visual studio 2013\projects\opengl\glproject_shadow\glproject_shadow\debug\mouselimit.obj
c:\users\jihongwei\documents\visual studio 2013\projects\opengl\glproject_shadow\glproject_shadow\debug\object.obj
c:\users\jihongwei\documents\visual studio 2013\projects\opengl\glproject_shadow\glproject_shadow\debug\skybox.obj
c:\users\jihongwei\documents\visual studio 2013\projects\opengl\glproject_shadow\glproject_shadow\debug\skyboxdata.obj
c:\users\jihongwei\documents\visual studio 2013\projects\opengl\glproject_shadow\glproject_shadow\debug\testplane.obj
c:\users\jihongwei\documents\visual studio 2013\projects\opengl\glproject_shadow\glproject_shadow\debug\testplanedata.obj
c:\users\jihongwei\documents\visual studio 2013\projects\opengl\glproject_shadow\glproject_shadow\debug\texture.obj
c:\users\jihongwei\documents\visual studio 2013\projects\opengl\glproject_shadow\glproject_shadow\debug\triangleface.obj
c:\users\jihongwei\documents\visual studio 2013\projects\opengl\glproject_shadow\glproject_shadow\debug\vertexarray.obj
c:\users\jihongwei\documents\visual studio 2013\projects\opengl\glproject_shadow\glproject_shadow\debug\vc120.idb
c:\users\jihongwei\documents\visual studio 2013\projects\opengl\glproject_shadow\glproject_shadow\debug\vc120.pdb
c:\users\jihongwei\documents\visual studio 2013\projects\opengl\glproject_shadow\debug\glproject_shadow.pdb
c:\users\jihongwei\documents\visual studio 2013\projects\opengl\glproject_shadow\debug\glproject_shadow.exe
c:\users\jihongwei\documents\visual studio 2013\projects\opengl\glproject_shadow\debug\glproject_shadow.ilk
c:\users\jihongwei\documents\visual studio 2013\projects\opengl\glproject_shadow\glproject_shadow\debug\glproject_shadow.tlog\cl.command.1.tlog
c:\users\jihongwei\documents\visual studio 2013\projects\opengl\glproject_shadow\glproject_shadow\debug\glproject_shadow.tlog\cl.read.1.tlog
c:\users\jihongwei\documents\visual studio 2013\projects\opengl\glproject_shadow\glproject_shadow\debug\glproject_shadow.tlog\cl.write.1.tlog
c:\users\jihongwei\documents\visual studio 2013\projects\opengl\glproject_shadow\glproject_shadow\debug\glproject_shadow.tlog\link.command.1.tlog
c:\users\jihongwei\documents\visual studio 2013\projects\opengl\glproject_shadow\glproject_shadow\debug\glproject_shadow.tlog\link.read.1.tlog
c:\users\jihongwei\documents\visual studio 2013\projects\opengl\glproject_shadow\glproject_shadow\debug\glproject_shadow.tlog\link.write.1.tlog
