生成启动时间为 2015/3/21 20:23:04。
     1>项目“C:\Users\JiHongwei\Documents\Visual Studio 2013\Projects\GLProject_SkyBox\GLProject_SkyBox\GLProject_SkyBox.vcxproj”在节点 2 上(Build 个目标)。
     1>ClCompile:
         C:\Program Files (x86)\Microsoft Visual Studio 12.0\VC\bin\CL.exe /c /ZI /nologo /W3 /WX- /sdl /Od /Oy- /D _CRT_SECURE_NO_WARNINGS /D _MBCS /Gm /EHsc /RTC1 /MDd /GS /fp:precise /Zc:wchar_t /Zc:forScope /Fo"Debug\\" /Fd"Debug\vc120.pdb" /Gd /TP /analyze- /errorReport:prompt FrameTest.cpp
         FrameTest.cpp
       Link:
         C:\Program Files (x86)\Microsoft Visual Studio 12.0\VC\bin\link.exe /ERRORREPORT:PROMPT /OUT:"C:\Users\JiHongwei\Documents\Visual Studio 2013\Projects\GLProject_SkyBox\Debug\GLProject_SkyBox.exe" /INCREMENTAL /NOLOGO kernel32.lib user32.lib gdi32.lib winspool.lib comdlg32.lib advapi32.lib shell32.lib ole32.lib oleaut32.lib uuid.lib odbc32.lib odbccp32.lib /MANIFEST /MANIFESTUAC:"level='asInvoker' uiAccess='false'" /manifest:embed /DEBUG /PDB:"C:\Users\JiHongwei\Documents\Visual Studio 2013\Projects\GLProject_SkyBox\Debug\GLProject_SkyBox.pdb" /TLBID:1 /DYNAMICBASE /NXCOMPAT /IMPLIB:"C:\Users\JiHongwei\Documents\Visual Studio 2013\Projects\GLProject_SkyBox\Debug\GLProject_SkyBox.lib" /MACHINE:X86 Debug\Axis.obj
         Debug\Camera.obj
         Debug\FrameTest.obj
         Debug\GLFramework.obj
         Debug\GlobalInit.obj
         Debug\GLWindow.obj
         Debug\Keys.obj
         Debug\Light.obj
         Debug\main.obj
         Debug\MeshModel.obj
         Debug\MouseLimit.obj
         Debug\Object.obj
         Debug\SkyBox.obj
         Debug\SkyBoxData.obj
         Debug\TankBarrel.obj
         Debug\TankBarrelData.obj
         Debug\TankChassis.obj
         Debug\TankChassisData.obj
         Debug\TankTurret.obj
         Debug\TankTurretData.obj
         Debug\Texture.obj
         Debug\VertexArray.obj
         GLProject_SkyBox.vcxproj -> C:\Users\JiHongwei\Documents\Visual Studio 2013\Projects\GLProject_SkyBox\Debug\GLProject_SkyBox.exe
     1>已完成生成项目“C:\Users\JiHongwei\Documents\Visual Studio 2013\Projects\GLProject_SkyBox\GLProject_SkyBox\GLProject_SkyBox.vcxproj”(Build 个目标)的操作。

生成成功。

已用时间 00:00:01.33
