生成启动时间为 2015/3/21 19:43:58。
     1>项目“c:\Users\jihongwei\documents\visual studio 2013\Projects\GLProject_LoadModel\GLProject_LoadModel\GLProject_LoadModel.vcxproj”在节点 2 上(Build 个目标)。
     1>ClCompile:
         C:\Program Files (x86)\Microsoft Visual Studio 12.0\VC\bin\CL.exe /c /ZI /nologo /W3 /WX- /sdl /Od /Oy- /D _CRT_SECURE_NO_WARNINGS /D _MBCS /Gm /EHsc /RTC1 /MDd /GS /fp:precise /Zc:wchar_t /Zc:forScope /Fo"Debug\\" /Fd"Debug\vc120.pdb" /Gd /TP /analyze- /errorReport:prompt Axis.cpp Camera.cpp FrameTest.cpp GLFramework.cpp GlobalInit.cpp GLWindow.cpp Keys.cpp main.cpp MeshModel.cpp MouseLimit.cpp Object.cpp Texture.cpp VertexArray.cpp
         VertexArray.cpp
         Texture.cpp
         Object.cpp
         MouseLimit.cpp
     1>c:\users\jihongwei\documents\visual studio 2013\projects\glproject_loadmodel\glproject_loadmodel\mouselimit.cpp(72): warning C4244: “参数”: 从“int”转换到“float”，可能丢失数据
     1>c:\users\jihongwei\documents\visual studio 2013\projects\glproject_loadmodel\glproject_loadmodel\mouselimit.cpp(76): warning C4244: “参数”: 从“int”转换到“float”，可能丢失数据
         MeshModel.cpp
         main.cpp
         Keys.cpp
         GLWindow.cpp
         GlobalInit.cpp
         GLFramework.cpp
         FrameTest.cpp
         Camera.cpp
         Axis.cpp
         正在生成代码...
       Link:
         C:\Program Files (x86)\Microsoft Visual Studio 12.0\VC\bin\link.exe /ERRORREPORT:PROMPT /OUT:"c:\users\jihongwei\documents\visual studio 2013\Projects\GLProject_LoadModel\Debug\GLProject_LoadModel.exe" /INCREMENTAL /NOLOGO kernel32.lib user32.lib gdi32.lib winspool.lib comdlg32.lib advapi32.lib shell32.lib ole32.lib oleaut32.lib uuid.lib odbc32.lib odbccp32.lib /MANIFEST /MANIFESTUAC:"level='asInvoker' uiAccess='false'" /manifest:embed /DEBUG /PDB:"c:\users\jihongwei\documents\visual studio 2013\Projects\GLProject_LoadModel\Debug\GLProject_LoadModel.pdb" /TLBID:1 /DYNAMICBASE /NXCOMPAT /IMPLIB:"c:\users\jihongwei\documents\visual studio 2013\Projects\GLProject_LoadModel\Debug\GLProject_LoadModel.lib" /MACHINE:X86 Debug\Axis.obj
         Debug\Camera.obj
         Debug\FrameTest.obj
         Debug\GLFramework.obj
         Debug\GlobalInit.obj
         Debug\GLWindow.obj
         Debug\Keys.obj
         Debug\main.obj
         Debug\MeshModel.obj
         Debug\MouseLimit.obj
         Debug\Object.obj
         Debug\Texture.obj
         Debug\VertexArray.obj
         GLProject_LoadModel.vcxproj -> c:\users\jihongwei\documents\visual studio 2013\Projects\GLProject_LoadModel\Debug\GLProject_LoadModel.exe
     1>已完成生成项目“c:\Users\jihongwei\documents\visual studio 2013\Projects\GLProject_LoadModel\GLProject_LoadModel\GLProject_LoadModel.vcxproj”(Build 个目标)的操作。

生成成功。

已用时间 00:00:06.55
