生成启动时间为 2015/3/28 16:33:21。
     1>项目“c:\Users\jihongwei\documents\visual studio 2013\Projects\GLProject_2DFont_3DFont\GLProject_2DFont_3DFont\GLProject_2DFont_3DFont.vcxproj”在节点 2 上(Build 个目标)。
     1>ClCompile:
         C:\Program Files (x86)\Microsoft Visual Studio 12.0\VC\bin\CL.exe /c /ZI /nologo /W3 /WX- /sdl /Od /Oy- /D _CRT_SECURE_NO_WARNINGS /D _MBCS /Gm /EHsc /RTC1 /MDd /GS /fp:precise /Zc:wchar_t /Zc:forScope /Fo"Debug\\" /Fd"Debug\vc120.pdb" /Gd /TP /analyze- /errorReport:prompt FireworksFrame.cpp
         FireworksFrame.cpp
       Link:
         C:\Program Files (x86)\Microsoft Visual Studio 12.0\VC\bin\link.exe /ERRORREPORT:PROMPT /OUT:"c:\users\jihongwei\documents\visual studio 2013\Projects\GLProject_2DFont_3DFont\Debug\GLProject_2DFont_3DFont.exe" /INCREMENTAL /NOLOGO kernel32.lib user32.lib gdi32.lib winspool.lib comdlg32.lib advapi32.lib shell32.lib ole32.lib oleaut32.lib uuid.lib odbc32.lib odbccp32.lib /MANIFEST /MANIFESTUAC:"level='asInvoker' uiAccess='false'" /manifest:embed /DEBUG /PDB:"c:\users\jihongwei\documents\visual studio 2013\Projects\GLProject_2DFont_3DFont\Debug\GLProject_2DFont_3DFont.pdb" /TLBID:1 /DYNAMICBASE /NXCOMPAT /IMPLIB:"c:\users\jihongwei\documents\visual studio 2013\Projects\GLProject_2DFont_3DFont\Debug\GLProject_2DFont_3DFont.lib" /MACHINE:X86 Debug\Axis.obj
         Debug\Camera.obj
         Debug\Fireworks.obj
         Debug\FireworksFrame.obj
         Debug\GLFramework.obj
         Debug\GlobalInit.obj
         Debug\GLWindow.obj
         Debug\Keys.obj
         Debug\main.obj
         Debug\MeshModel.obj
         Debug\MouseLimit.obj
         Debug\Object.obj
         Debug\Particles.obj
         Debug\ParticleSys.obj
         Debug\Print2DFont.obj
         Debug\Print3DFont.obj
         Debug\PrintFont.obj
         Debug\Tail.obj
         Debug\Texture.obj
         Debug\VertexArray.obj
         GLProject_2DFont_3DFont.vcxproj -> c:\users\jihongwei\documents\visual studio 2013\Projects\GLProject_2DFont_3DFont\Debug\GLProject_2DFont_3DFont.exe
     1>已完成生成项目“c:\Users\jihongwei\documents\visual studio 2013\Projects\GLProject_2DFont_3DFont\GLProject_2DFont_3DFont\GLProject_2DFont_3DFont.vcxproj”(Build 个目标)的操作。

生成成功。

已用时间 00:00:01.59
